1681907449 - {"name":"xbox","email":"dposmasnyj@gmail.com","phone_number":"3456","comment":"sdxcvb "}
1681907677 - {"name":"xbox","email":"dposmasnyj@gmail.com","phone_number":"3456","comment":"sdxcvb "}
1681909802 - {"name":"xbox","email":"denisposm01@gmail.com","phone_number":"3456","comment":"sdxcvb "}
1681909842 - {"name":"xbox","email":"denisposm01@gmail.com","phone_number":"3456","comment":"sdxcvb "}
1681911327 - {"name":"xbox","email":"dposmasnyj@gmail.com","phone_number":"3456","comment":"sdxcvb "}
1681911337 - {"name":"xbox","email":"dposmasnyj@gmail.com","phone_number":"3456","comment":"sdxcvb "}
1681911340 - {"name":"xbox","email":"dposmasnyj@gmail.com","phone_number":"3456","comment":"sdxcvb "}
1681934052 - {"name":"xbox","email":"","phone_number":"","comment":""}
1681934500 - {"name":"xbox","email":"","phone_number":"","comment":""}
1682162711 - {"name":"","email":"","phone_number":"","comment":""}
1682163317 - {"name":"xbox","email":"dposmasnyj@gmail.com","phone_number":"0090908890","comment":"sdxcvb "}
1682163318 - {"name":"xbox","email":"dposmasnyj@gmail.com","phone_number":"0090908890","comment":"sdxcvb "}
1682163713 - {"name":"","email":"","phone_number":"","comment":""}
1682163758 - {"name":"\u044f \u043f\u043e\u043b\u0430\u0442\u0438\u043b","email":"","phone_number":"","comment":""}
1682163775 - {"name":"i paid","email":"","phone_number":"","comment":""}
1682163805 - {"name":"","email":"","phone_number":"","comment":""}
1682163808 - {"name":"","email":"","phone_number":"","comment":""}
1682163812 - {"name":"","email":"","phone_number":"","comment":""}
1682248509 - {"name":"","email":"","phone_number":"","comment":""}
1682797225 - {"name":"gcghhbnjm","email":"","phone_number":"","comment":""}
